Using pre-set license
Built from '2020.3/staging' branch; Version is '2020.3.8f1 (507919d4fff5) revision 5273881'; Using compiler version '192528614'; Build Type 'Release'
OS: 'Windows 10 Pro; OS build 18363.1379; Version 1909; 64bit' Language: 'ru' Physical Memory: 16330 MB
BatchMode: 1, IsHumanControllingUs: 0, StartBugReporterOnCrash: 0, Is64bit: 1, IsPro: 0

 COMMAND LINE ARGUMENTS:
C:\Program Files\Unity\Hub\Editor\2020.3.8f1\Editor\Unity.exe
-adb2
-batchMode
-noUpm
-name
AssetImportWorker0
-projectPath
D:/Projects/Unity Projects/DED
-logFile
Logs/AssetImportWorker0.log
-srvPort
51002
Successfully changed project path to: D:/Projects/Unity Projects/DED
D:/Projects/Unity Projects/DED
Using Asset Import Pipeline V2.
Refreshing native plugins compatible for Editor in 23.66 ms, found 0 plugins.
Preloading 0 native plugins for Editor in 0.00 ms.
Initialize engine version: 2020.3.8f1 (507919d4fff5)
[Subsystems] Discovering subsystems at path C:/Program Files/Unity/Hub/Editor/2020.3.8f1/Editor/Data/Resources/UnitySubsystems
[Subsystems] Discovering subsystems at path D:/Projects/Unity Projects/DED/Assets
GfxDevice: creating device client; threaded=0
Direct3D:
    Version:  Direct3D 11.0 [level 11.1]
    Renderer: Radeon RX 580 Series (ID=0x67df)
    Vendor:   
    VRAM:     8171 MB
    Driver:   27.20.1034.6
Initialize mono
Mono path[0] = 'C:/Program Files/Unity/Hub/Editor/2020.3.8f1/Editor/Data/Managed'
Mono path[1] = 'C:/Program Files/Unity/Hub/Editor/2020.3.8f1/Editor/Data/MonoBleedingEdge/lib/mono/unityjit'
Mono config path = 'C:/Program Files/Unity/Hub/Editor/2020.3.8f1/Editor/Data/MonoBleedingEdge/etc'
Using monoOptions --debugger-agent=transport=dt_socket,embedding=1,server=y,suspend=n,address=127.0.0.1:56296
Begin MonoManager ReloadAssembly
Registering precompiled unity dll's ...
Register platform support module: C:/Program Files/Unity/Hub/Editor/2020.3.8f1/Editor/Data/PlaybackEngines/WindowsStandaloneSupport/UnityEditor.WindowsStandalone.Extensions.dll
Registered in 0.002461 seconds.
Native extension for WindowsStandalone target not found
Refreshing native plugins compatible for Editor in 25.48 ms, found 0 plugins.
Preloading 0 native plugins for Editor in 0.00 ms.
Mono: successfully reloaded assembly
- Completed reload, in  2.297 seconds
Platform modules already initialized, skipping
Registering precompiled user dll's ...
Registered in 0.000544 seconds.
Begin MonoManager ReloadAssembly
Native extension for WindowsStandalone target not found
Refreshing native plugins compatible for Editor in 0.25 ms, found 0 plugins.
Preloading 0 native plugins for Editor in 0.00 ms.
Mono: successfully reloaded assembly
- Completed reload, in  0.901 seconds
Platform modules already initialized, skipping
========================================================================
Worker process is ready to serve import requests
Launched and connected shader compiler UnityShaderCompiler.exe after 0.06 seconds
Refreshing native plugins compatible for Editor in 0.33 ms, found 0 plugins.
Preloading 0 native plugins for Editor in 0.00 ms.
Unloading 1118 Unused Serialized files (Serialized files now loaded: 0)
System memory in use before: 57.4 MB.
System memory in use after: 57.4 MB.

Unloading 10 unused Assets to reduce memory usage. Loaded Objects now: 1560.
Total: 2.197400 ms (FindLiveObjects: 0.204700 ms CreateObjectMapping: 0.043300 ms MarkObjects: 1.821600 ms  DeleteObjects: 0.125600 ms)

========================================================================
Received Import Request.
  path: Assets/Scripts/Pcontroller.cs
  artifactKey: Guid(025a2d40d454d394eabab0a08fdd6ffc) Importer(815301076,1909f56bfc062723c751e8b465ee728b)
Start importing Assets/Scripts/Pcontroller.cs using Guid(025a2d40d454d394eabab0a08fdd6ffc) Importer(815301076,1909f56bfc062723c751e8b465ee728b)  -> (artifact id: 'f98e2bc5dcad4a9f767245e6dea754bd') in 0.033648 seconds
  Import took 0.036162 seconds .

========================================================================
Received Prepare
Registering precompiled user dll's ...
Registered in 0.000470 seconds.
Begin MonoManager ReloadAssembly
Native extension for WindowsStandalone target not found
Refreshing native plugins compatible for Editor in 0.23 ms, found 0 plugins.
Preloading 0 native plugins for Editor in 0.00 ms.
Mono: successfully reloaded assembly
- Completed reload, in  0.798 seconds
Platform modules already initialized, skipping
Refreshing native plugins compatible for Editor in 0.23 ms, found 0 plugins.
Preloading 0 native plugins for Editor in 0.00 ms.
Unloading 1113 Unused Serialized files (Serialized files now loaded: 0)
System memory in use before: 57.3 MB.
System memory in use after: 57.4 MB.

Unloading 5 unused Assets to reduce memory usage. Loaded Objects now: 1563.
Total: 1.574600 ms (FindLiveObjects: 0.122100 ms CreateObjectMapping: 0.029300 ms MarkObjects: 1.370400 ms  DeleteObjects: 0.051800 ms)

========================================================================
Received Import Request.
  Time since last request: 46.355185 seconds.
  path: Assets/Scripts/Pcontroller.cs
  artifactKey: Guid(025a2d40d454d394eabab0a08fdd6ffc) Importer(815301076,1909f56bfc062723c751e8b465ee728b)
Start importing Assets/Scripts/Pcontroller.cs using Guid(025a2d40d454d394eabab0a08fdd6ffc) Importer(815301076,1909f56bfc062723c751e8b465ee728b)  -> (artifact id: 'a2fd24a20bf349c4fb23eadf7c09c62b') in 0.004007 seconds
  Import took 0.012781 seconds .

========================================================================
Received Import Request.
  Time since last request: 1.336937 seconds.
  path: Assets/Scripts/Pcontroller.cs
  artifactKey: Guid(025a2d40d454d394eabab0a08fdd6ffc) Importer(815301076,1909f56bfc062723c751e8b465ee728b)
Start importing Assets/Scripts/Pcontroller.cs using Guid(025a2d40d454d394eabab0a08fdd6ffc) Importer(815301076,1909f56bfc062723c751e8b465ee728b)  -> (artifact id: 'a2fd24a20bf349c4fb23eadf7c09c62b') in 0.002422 seconds
  Import took 0.004761 seconds .

========================================================================
Received Prepare
Registering precompiled user dll's ...
Registered in 0.000527 seconds.
Begin MonoManager ReloadAssembly
Native extension for WindowsStandalone target not found
Refreshing native plugins compatible for Editor in 0.23 ms, found 0 plugins.
Preloading 0 native plugins for Editor in 0.00 ms.
Mono: successfully reloaded assembly
- Completed reload, in  0.766 seconds
Platform modules already initialized, skipping
Refreshing native plugins compatible for Editor in 0.22 ms, found 0 plugins.
Preloading 0 native plugins for Editor in 0.00 ms.
Unloading 1113 Unused Serialized files (Serialized files now loaded: 0)
System memory in use before: 57.3 MB.
System memory in use after: 57.4 MB.

Unloading 5 unused Assets to reduce memory usage. Loaded Objects now: 1566.
Total: 1.690100 ms (FindLiveObjects: 0.165900 ms CreateObjectMapping: 0.034700 ms MarkObjects: 1.431700 ms  DeleteObjects: 0.056300 ms)

AssetImportWorkerClient::OnTransportError - code=2 error=End of file
